Using pre-set license
Built from '2020.3/staging' branch; Version is '2020.3.25f1 (9b9180224418) revision 10195328'; Using compiler version '192528614'; Build Type 'Release'
OS: 'Windows 10  (10.0.19041) 64bit Professional' Language: 'es' Physical Memory: 32716 MB
BatchMode: 1, IsHumanControllingUs: 0, StartBugReporterOnCrash: 0, Is64bit: 1, IsPro: 0

COMMAND LINE ARGUMENTS:
C:\Program Files\Unity\Hub\Editor\2020.3.25f1\Editor\Unity.exe
-adb2
-batchMode
-noUpm
-name
AssetImportWorker0
-projectPath
D:/Unity Projects/Project Liquid
-logFile
Logs/AssetImportWorker0.log
-srvPort
56536
Successfully changed project path to: D:/Unity Projects/Project Liquid
D:/Unity Projects/Project Liquid
Using Asset Import Pipeline V2.
Refreshing native plugins compatible for Editor in 36.28 ms, found 2 plugins.
Preloading 0 native plugins for Editor in 0.00 ms.
Initialize engine version: 2020.3.25f1 (9b9180224418)
[Subsystems] Discovering subsystems at path C:/Program Files/Unity/Hub/Editor/2020.3.25f1/Editor/Data/Resources/UnitySubsystems
[Subsystems] Discovering subsystems at path D:/Unity Projects/Project Liquid/Assets
GfxDevice: creating device client; threaded=0
Direct3D:
    Version:  Direct3D 11.0 [level 11.1]
    Renderer: NVIDIA GeForce RTX 2060 SUPER (ID=0x1f06)
    Vendor:   
    VRAM:     8031 MB
    Driver:   30.0.14.9676
Initialize mono
Mono path[0] = 'C:/Program Files/Unity/Hub/Editor/2020.3.25f1/Editor/Data/Managed'
Mono path[1] = 'C:/Program Files/Unity/Hub/Editor/2020.3.25f1/Editor/Data/MonoBleedingEdge/lib/mono/unityjit'
Mono config path = 'C:/Program Files/Unity/Hub/Editor/2020.3.25f1/Editor/Data/MonoBleedingEdge/etc'
Using monoOptions --debugger-agent=transport=dt_socket,embedding=1,server=y,suspend=n,address=127.0.0.1:56796
Begin MonoManager ReloadAssembly
Registering precompiled unity dll's ...
Register platform support module: C:/Program Files/Unity/Hub/Editor/2020.3.25f1/Editor/Data/PlaybackEngines/WebGLSupport/UnityEditor.WebGL.Extensions.dll
Register platform support module: C:/Program Files/Unity/Hub/Editor/2020.3.25f1/Editor/Data/PlaybackEngines/WindowsStandaloneSupport/UnityEditor.WindowsStandalone.Extensions.dll
Registered in 0.003053 seconds.
Native extension for WindowsStandalone target not found
Native extension for WebGL target not found
Refreshing native plugins compatible for Editor in 34.54 ms, found 2 plugins.
Preloading 0 native plugins for Editor in 0.00 ms.
Mono: successfully reloaded assembly
- Completed reload, in  0.646 seconds
Domain Reload Profiling:
	ReloadAssembly (646ms)
		BeginReloadAssembly (79ms)
			ExecutionOrderSort (0ms)
			DisableScriptedObjects (0ms)
			BackupInstance (0ms)
			ReleaseScriptingObjects (0ms)
			CreateAndSetChildDomain (1ms)
		EndReloadAssembly (486ms)
			LoadAssemblies (76ms)
			RebuildTransferFunctionScriptingTraits (0ms)
			SetupTypeCache (163ms)
			ReleaseScriptCaches (0ms)
			RebuildScriptCaches (29ms)
			SetupLoadedEditorAssemblies (184ms)
				LogAssemblyErrors (0ms)
				InitializePlatformSupportModulesInManaged (5ms)
				SetLoadedEditorAssemblies (0ms)
				RefreshPlugins (35ms)
				BeforeProcessingInitializeOnLoad (20ms)
				ProcessInitializeOnLoadAttributes (96ms)
				ProcessInitializeOnLoadMethodAttributes (28ms)
				AfterProcessingInitializeOnLoad (0ms)
				EditorAssembliesLoaded (0ms)
			ExecutionOrderSort2 (0ms)
			AwakeInstancesAfterBackupRestoration (0ms)
Platform modules already initialized, skipping
Registering precompiled user dll's ...
Registered in 0.003540 seconds.
Begin MonoManager ReloadAssembly
Native extension for WindowsStandalone target not found
Native extension for WebGL target not found
Refreshing native plugins compatible for Editor in 0.67 ms, found 2 plugins.
Preloading 0 native plugins for Editor in 0.00 ms.
Mono: successfully reloaded assembly
- Completed reload, in  1.143 seconds
Domain Reload Profiling:
	ReloadAssembly (1144ms)
		BeginReloadAssembly (165ms)
			ExecutionOrderSort (0ms)
			DisableScriptedObjects (6ms)
			BackupInstance (0ms)
			ReleaseScriptingObjects (0ms)
			CreateAndSetChildDomain (20ms)
		EndReloadAssembly (910ms)
			LoadAssemblies (98ms)
			RebuildTransferFunctionScriptingTraits (0ms)
			SetupTypeCache (321ms)
			ReleaseScriptCaches (0ms)
			RebuildScriptCaches (42ms)
			SetupLoadedEditorAssemblies (337ms)
				LogAssemblyErrors (0ms)
				InitializePlatformSupportModulesInManaged (7ms)
				SetLoadedEditorAssemblies (1ms)
				RefreshPlugins (1ms)
				BeforeProcessingInitializeOnLoad (88ms)
				ProcessInitializeOnLoadAttributes (221ms)
				ProcessInitializeOnLoadMethodAttributes (9ms)
				AfterProcessingInitializeOnLoad (9ms)
				EditorAssembliesLoaded (0ms)
			ExecutionOrderSort2 (0ms)
			AwakeInstancesAfterBackupRestoration (12ms)
Platform modules already initialized, skipping
========================================================================
Worker process is ready to serve import requests
Launched and connected shader compiler UnityShaderCompiler.exe after 0.08 seconds
Refreshing native plugins compatible for Editor in 0.47 ms, found 2 plugins.
Preloading 0 native plugins for Editor in 0.00 ms.
Unloading 1618 Unused Serialized files (Serialized files now loaded: 0)
System memory in use before: 71.9 MB.
System memory in use after: 72.0 MB.

Unloading 32 unused Assets to reduce memory usage. Loaded Objects now: 2038.
Total: 2.981000 ms (FindLiveObjects: 0.143700 ms CreateObjectMapping: 0.037000 ms MarkObjects: 2.719800 ms  DeleteObjects: 0.079300 ms)

AssetImportParameters requested are different than current active one (requested -> active):
  custom:framework-win-MediaFoundation: 216162199b28c13a410421893ffa2e32 -> 
  custom:video-decoder-ogg-theora: a1e56fd34408186e4bbccfd4996cb3dc -> 
  custom:container-muxer-webm: aa71ff27fc2769a1b78a27578f13a17b -> 
  custom:container-demuxer-webm: 4f35f7cbe854078d1ac9338744f61a02 -> 
  custom:container-demuxer-ogg: 62fdf1f143b41e24485cea50d1cbac27 -> 
  custom:video-encoder-webm-vp8: eb34c28f22e8b96e1ab97ce403110664 -> 
  custom:video-decoder-webm-vp8: 9c59270c3fd7afecdb556c50c9e8de78 -> 
  custom:audio-decoder-ogg-vorbis: bf7c407c2cedff20999df2af8eb42d56 -> 
  custom:audio-encoder-webm-vorbis: bf7c407c2cedff20999df2af8eb42d56 -> 
========================================================================
Received Import Request.
  path: Assets/Scripts/Objects
  artifactKey: Guid(2b73c35caab6c0342938b875b4ce5ebc) Importer(815301076,1909f56bfc062723c751e8b465ee728b)
Start importing Assets/Scripts/Objects using Guid(2b73c35caab6c0342938b875b4ce5ebc) Importer(815301076,1909f56bfc062723c751e8b465ee728b)  -> (artifact id: '914e6536f0b53667a6abc28c0070680b') in 0.022339 seconds 
  Import took 0.045297 seconds .

========================================================================
Received Import Request.
  Time since last request: 15.351745 seconds.
  path: Assets/Scripts/Objects/Modelos
  artifactKey: Guid(737331c42076543498d7832ecbc129b0) Importer(815301076,1909f56bfc062723c751e8b465ee728b)
Start importing Assets/Scripts/Objects/Modelos using Guid(737331c42076543498d7832ecbc129b0) Importer(815301076,1909f56bfc062723c751e8b465ee728b)  -> (artifact id: 'c1cbe8be86f061c05310c80fcc20281a') in 0.007312 seconds 
  Import took 0.018166 seconds .

========================================================================
Received Import Request.
  Time since last request: 0.070139 seconds.
  path: Assets/Scripts/Objects/Modelos/Barra_Cocina.fbx
  artifactKey: Guid(5975759fdf282cc419ed31ea810729ad) Importer(815301076,1909f56bfc062723c751e8b465ee728b)
Start importing Assets/Scripts/Objects/Modelos/Barra_Cocina.fbx using Guid(5975759fdf282cc419ed31ea810729ad) Importer(815301076,1909f56bfc062723c751e8b465ee728b)  -> (artifact id: '07c3dcacf6d1ebae7b4a917762e88fda') in 1.554983 seconds 
  Import took 1.590037 seconds .

========================================================================
Received Import Request.
  Time since last request: 0.000251 seconds.
  path: Assets/Scripts/Objects/Modelos/Silla_Barra.fbx
  artifactKey: Guid(cc2d1072609959f4490508076cac6bbe) Importer(815301076,1909f56bfc062723c751e8b465ee728b)
Start importing Assets/Scripts/Objects/Modelos/Silla_Barra.fbx using Guid(cc2d1072609959f4490508076cac6bbe) Importer(815301076,1909f56bfc062723c751e8b465ee728b)  -> (artifact id: '16492a352996e91446ec638bc1dbf61b') in 0.051656 seconds 
  Import took 0.103326 seconds .

========================================================================
Received Import Request.
  Time since last request: 0.000295 seconds.
  path: Assets/Scripts/Objects/Modelos/Cocina.fbx
  artifactKey: Guid(ebcf9608dcb27b944a2ee4a0be2911cc) Importer(815301076,1909f56bfc062723c751e8b465ee728b)
Start importing Assets/Scripts/Objects/Modelos/Cocina.fbx using Guid(ebcf9608dcb27b944a2ee4a0be2911cc) Importer(815301076,1909f56bfc062723c751e8b465ee728b)  -> (artifact id: '54ced6fbd2b9645061a6df39cfde0be8') in 0.146684 seconds 
  Import took 0.164445 seconds .

========================================================================
Received Import Request.
  Time since last request: 0.000160 seconds.
  path: Assets/Scripts/Objects/Modelos/Sala_TV.fbx
  artifactKey: Guid(4180dd238e2f42e48827b3456b25aaf5) Importer(815301076,1909f56bfc062723c751e8b465ee728b)
Start importing Assets/Scripts/Objects/Modelos/Sala_TV.fbx using Guid(4180dd238e2f42e48827b3456b25aaf5) Importer(815301076,1909f56bfc062723c751e8b465ee728b)  -> (artifact id: '34604de88f1594fad60c751110d48abc') in 0.153401 seconds 
  Import took 0.178157 seconds .

========================================================================
Received Import Request.
  Time since last request: 0.000211 seconds.
  path: Assets/Scripts/Objects/Modelos/Cajon Ba単o.fbx
  artifactKey: Guid(0db7d17d19c5afc489ca32270cc0e82b) Importer(815301076,1909f56bfc062723c751e8b465ee728b)
Start importing Assets/Scripts/Objects/Modelos/Cajon Ba単o.fbx using Guid(0db7d17d19c5afc489ca32270cc0e82b) Importer(815301076,1909f56bfc062723c751e8b465ee728b)  -> (artifact id: 'b2be3d05ffb34b6f92e8acdc48224c92') in 0.095248 seconds 
  Import took 0.124874 seconds .

========================================================================
Received Import Request.
  Time since last request: 0.000253 seconds.
  path: Assets/Scripts/Objects/Modelos/Sillon_Sala.fbx
  artifactKey: Guid(ffe692c781aaad2429e2359ad40136c7) Importer(815301076,1909f56bfc062723c751e8b465ee728b)
Start importing Assets/Scripts/Objects/Modelos/Sillon_Sala.fbx using Guid(ffe692c781aaad2429e2359ad40136c7) Importer(815301076,1909f56bfc062723c751e8b465ee728b)  -> (artifact id: 'bdb02a06223fb495fac6e7f0f1f941ce') in 0.179310 seconds 
  Import took 0.240244 seconds .

========================================================================
Received Import Request.
  Time since last request: 0.000178 seconds.
  path: Assets/Scripts/Objects/Modelos/Sillon_Recamara.fbx
  artifactKey: Guid(658e34aec787e704b85748cc25acc626) Importer(815301076,1909f56bfc062723c751e8b465ee728b)
Start importing Assets/Scripts/Objects/Modelos/Sillon_Recamara.fbx using Guid(658e34aec787e704b85748cc25acc626) Importer(815301076,1909f56bfc062723c751e8b465ee728b)  -> (artifact id: '652ef598d2a52f7c533b2fda5b8a39fd') in 0.068374 seconds 
  Import took 0.081165 seconds .

========================================================================
Received Import Request.
  Time since last request: 0.000228 seconds.
  path: Assets/Scripts/Objects/Modelos/Silla_Comedor.fbx
  artifactKey: Guid(437981a39145e3c478d1c5722de7a7f1) Importer(815301076,1909f56bfc062723c751e8b465ee728b)
Start importing Assets/Scripts/Objects/Modelos/Silla_Comedor.fbx using Guid(437981a39145e3c478d1c5722de7a7f1) Importer(815301076,1909f56bfc062723c751e8b465ee728b)  -> (artifact id: 'bdc6f3e68b1aa8d36ad8dce8fd51b5d8') in 0.022418 seconds 
  Import took 0.025419 seconds .

========================================================================
Received Import Request.
  Time since last request: 0.000193 seconds.
  path: Assets/Scripts/Objects/Modelos/Regadera.fbx
  artifactKey: Guid(686300c61d24748478d6806613f0fe65) Importer(815301076,1909f56bfc062723c751e8b465ee728b)
Start importing Assets/Scripts/Objects/Modelos/Regadera.fbx using Guid(686300c61d24748478d6806613f0fe65) Importer(815301076,1909f56bfc062723c751e8b465ee728b)  -> (artifact id: '0ab1f12481624c08740d71300b66ad2f') in 0.020572 seconds 
  Import took 0.052115 seconds .

========================================================================
Received Import Request.
  Time since last request: 0.000191 seconds.
  path: Assets/Scripts/Objects/Modelos/Sillon.fbx
  artifactKey: Guid(e09611dcdbd93ff45b79bbec6f6eac84) Importer(815301076,1909f56bfc062723c751e8b465ee728b)
Start importing Assets/Scripts/Objects/Modelos/Sillon.fbx using Guid(e09611dcdbd93ff45b79bbec6f6eac84) Importer(815301076,1909f56bfc062723c751e8b465ee728b)  -> (artifact id: 'de904ef4ec98c13bc481afd1e0b12be3') in 0.021826 seconds 
  Import took 0.040012 seconds .

========================================================================
Received Import Request.
  Time since last request: 0.000205 seconds.
  path: Assets/Scripts/Objects/Modelos/Cama.fbx
  artifactKey: Guid(76b52c4719f40684cb96fbaac01776d9) Importer(815301076,1909f56bfc062723c751e8b465ee728b)
Start importing Assets/Scripts/Objects/Modelos/Cama.fbx using Guid(76b52c4719f40684cb96fbaac01776d9) Importer(815301076,1909f56bfc062723c751e8b465ee728b)  -> (artifact id: '5acbe7a390992867516c3d84f2d754e2') in 0.111811 seconds 
  Import took 0.116070 seconds .

========================================================================
Received Import Request.
  Time since last request: 0.000194 seconds.
  path: Assets/Scripts/Objects/Modelos/Ba単o.fbx
  artifactKey: Guid(dbd90554e476d824cb89008e37057330) Importer(815301076,1909f56bfc062723c751e8b465ee728b)
Start importing Assets/Scripts/Objects/Modelos/Ba単o.fbx using Guid(dbd90554e476d824cb89008e37057330) Importer(815301076,1909f56bfc062723c751e8b465ee728b)  -> (artifact id: 'd83631195092a5fc6bacbfd9138c9a68') in 0.039367 seconds 
  Import took 0.072136 seconds .

========================================================================
Received Import Request.
  Time since last request: 0.000190 seconds.
  path: Assets/Scripts/Objects/Modelos/Espejo.fbx
  artifactKey: Guid(5707e2edc6fdc7b4fba8422fee1d26f0) Importer(815301076,1909f56bfc062723c751e8b465ee728b)
Start importing Assets/Scripts/Objects/Modelos/Espejo.fbx using Guid(5707e2edc6fdc7b4fba8422fee1d26f0) Importer(815301076,1909f56bfc062723c751e8b465ee728b)  -> (artifact id: 'e2b04240e084b52a19822f5a473804f0') in 0.021689 seconds 
  Import took 0.042825 seconds .

========================================================================
Received Import Request.
  Time since last request: 0.000222 seconds.
  path: Assets/Scripts/Objects/Modelos/Mesa.fbx
  artifactKey: Guid(689e8b082df429047a14d055647116f4) Importer(815301076,1909f56bfc062723c751e8b465ee728b)
Start importing Assets/Scripts/Objects/Modelos/Mesa.fbx using Guid(689e8b082df429047a14d055647116f4) Importer(815301076,1909f56bfc062723c751e8b465ee728b)  -> (artifact id: '693a4691bc5579bbc184dcb48d071309') in 0.030642 seconds 
  Import took 0.032959 seconds .

AssetImportWorkerClient::OnTransportError - code=2 error=End of file
